2024-02-25 11:27:29.456 [main] INFO  org.spe.Calculator - [SQ ROOT] - 3.0
2024-02-25 11:27:29.459 [main] INFO  org.spe.Calculator - [RESULT - SQ ROOT] - 1.7320508075688772
2024-02-25 11:27:29.460 [main] INFO  org.spe.Calculator - [SQ ROOT] - 4.0
2024-02-25 11:27:29.460 [main] INFO  org.spe.Calculator - [RESULT - SQ ROOT] - 2.0
2024-02-25 11:27:29.461 [main] INFO  org.spe.Calculator - [NATURAL LOG] - 1.0
2024-02-25 11:27:29.462 [main] INFO  org.spe.Calculator - [RESULT - NATURAL LOG] - 0.0
2024-02-25 11:27:29.463 [main] INFO  org.spe.Calculator - [NATURAL LOG] - 300.0
2024-02-25 11:27:29.463 [main] INFO  org.spe.Calculator - [RESULT - NATURAL LOG] - 5.703782474656201
2024-02-25 11:27:29.464 [main] INFO  org.spe.Calculator - [NATURAL LOG] - 2.4
2024-02-25 11:27:29.464 [main] INFO  org.spe.Calculator - [RESULT - NATURAL LOG] - 0.8754687373538999
2024-02-25 11:27:29.464 [main] INFO  org.spe.Calculator - [NATURAL LOG] - 2.1
2024-02-25 11:27:29.465 [main] INFO  org.spe.Calculator - [RESULT - NATURAL LOG] - 0.7419373447293773
2024-02-25 11:27:29.466 [main] INFO  org.spe.Calculator - [FACTORIAL] - 3
2024-02-25 11:27:29.466 [main] INFO  org.spe.Calculator - [RESULT - FACTORIAL] - 6
2024-02-25 11:27:29.467 [main] INFO  org.spe.Calculator - [FACTORIAL] - 6
2024-02-25 11:27:29.467 [main] INFO  org.spe.Calculator - [RESULT - FACTORIAL] - 720
2024-02-25 11:27:29.468 [main] INFO  org.spe.Calculator - [FACTORIAL] - 5
2024-02-25 11:27:29.468 [main] INFO  org.spe.Calculator - [RESULT - FACTORIAL] - 120
2024-02-25 11:27:29.468 [main] INFO  org.spe.Calculator - [FACTORIAL] - 10
2024-02-25 11:27:29.468 [main] INFO  org.spe.Calculator - [RESULT - FACTORIAL] - 3628800
2024-02-25 11:27:29.471 [main] INFO  org.spe.Calculator - [POWER - 2.0 RAISED TO] 5.0
2024-02-25 11:27:29.471 [main] INFO  org.spe.Calculator - [RESULT - POWER] - 32.0
2024-02-25 11:27:29.471 [main] INFO  org.spe.Calculator - [POWER - 9.0 RAISED TO] 2.0
2024-02-25 11:27:29.471 [main] INFO  org.spe.Calculator - [RESULT - POWER] - 81.0
2024-02-25 11:27:29.472 [main] INFO  org.spe.Calculator - [POWER - 2.0 RAISED TO] 2.0
2024-02-25 11:27:29.472 [main] INFO  org.spe.Calculator - [RESULT - POWER] - 4.0
2024-02-25 11:27:29.473 [main] INFO  org.spe.Calculator - [POWER - -2.0 RAISED TO] 20.0
2024-02-25 11:27:29.473 [main] INFO  org.spe.Calculator - [RESULT - POWER] - 1048576.0
2024-02-25 11:27:29.474 [main] INFO  org.spe.Calculator - [SQ ROOT] - 121.0
2024-02-25 11:27:29.475 [main] INFO  org.spe.Calculator - [RESULT - SQ ROOT] - 11.0
2024-02-25 11:27:29.475 [main] INFO  org.spe.Calculator - [SQ ROOT] - 14641.0
2024-02-25 11:27:29.475 [main] INFO  org.spe.Calculator - [RESULT - SQ ROOT] - 121.0
2024-02-25 19:48:14.131 [main] INFO  org.spe.Calculator - [SQ ROOT] - 3.0
2024-02-25 19:48:14.136 [main] INFO  org.spe.Calculator - [RESULT - SQ ROOT] - 1.7320508075688772
2024-02-25 19:48:14.136 [main] INFO  org.spe.Calculator - [SQ ROOT] - 4.0
2024-02-25 19:48:14.136 [main] INFO  org.spe.Calculator - [RESULT - SQ ROOT] - 2.0
2024-02-25 19:48:14.137 [main] INFO  org.spe.Calculator - [NATURAL LOG] - 1.0
2024-02-25 19:48:14.138 [main] INFO  org.spe.Calculator - [RESULT - NATURAL LOG] - 0.0
2024-02-25 19:48:14.138 [main] INFO  org.spe.Calculator - [NATURAL LOG] - 300.0
2024-02-25 19:48:14.139 [main] INFO  org.spe.Calculator - [RESULT - NATURAL LOG] - 5.703782474656201
2024-02-25 19:48:14.139 [main] INFO  org.spe.Calculator - [NATURAL LOG] - 2.4
2024-02-25 19:48:14.140 [main] INFO  org.spe.Calculator - [RESULT - NATURAL LOG] - 0.8754687373538999
2024-02-25 19:48:14.140 [main] INFO  org.spe.Calculator - [NATURAL LOG] - 2.1
2024-02-25 19:48:14.140 [main] INFO  org.spe.Calculator - [RESULT - NATURAL LOG] - 0.7419373447293773
2024-02-25 19:48:14.141 [main] INFO  org.spe.Calculator - [FACTORIAL] - 3
2024-02-25 19:48:14.142 [main] INFO  org.spe.Calculator - [RESULT - FACTORIAL] - 6
2024-02-25 19:48:14.142 [main] INFO  org.spe.Calculator - [FACTORIAL] - 6
2024-02-25 19:48:14.143 [main] INFO  org.spe.Calculator - [RESULT - FACTORIAL] - 720
2024-02-25 19:48:14.144 [main] INFO  org.spe.Calculator - [FACTORIAL] - 5
2024-02-25 19:48:14.144 [main] INFO  org.spe.Calculator - [RESULT - FACTORIAL] - 120
2024-02-25 19:48:14.144 [main] INFO  org.spe.Calculator - [FACTORIAL] - 10
2024-02-25 19:48:14.145 [main] INFO  org.spe.Calculator - [RESULT - FACTORIAL] - 3628800
2024-02-25 19:48:14.147 [main] INFO  org.spe.Calculator - [POWER - 2.0 RAISED TO] 5.0
2024-02-25 19:48:14.148 [main] INFO  org.spe.Calculator - [RESULT - POWER] - 32.0
2024-02-25 19:48:14.148 [main] INFO  org.spe.Calculator - [POWER - 9.0 RAISED TO] 2.0
2024-02-25 19:48:14.148 [main] INFO  org.spe.Calculator - [RESULT - POWER] - 81.0
2024-02-25 19:48:14.149 [main] INFO  org.spe.Calculator - [POWER - 2.0 RAISED TO] 2.0
2024-02-25 19:48:14.149 [main] INFO  org.spe.Calculator - [RESULT - POWER] - 4.0
2024-02-25 19:48:14.149 [main] INFO  org.spe.Calculator - [POWER - -2.0 RAISED TO] 20.0
2024-02-25 19:48:14.150 [main] INFO  org.spe.Calculator - [RESULT - POWER] - 1048576.0
2024-02-25 19:48:14.150 [main] INFO  org.spe.Calculator - [SQ ROOT] - 121.0
2024-02-25 19:48:14.151 [main] INFO  org.spe.Calculator - [RESULT - SQ ROOT] - 11.0
2024-02-25 19:48:14.151 [main] INFO  org.spe.Calculator - [SQ ROOT] - 14641.0
2024-02-25 19:48:14.151 [main] INFO  org.spe.Calculator - [RESULT - SQ ROOT] - 121.0
